<?xml version="1.0" encoding="UTF-8"?>
<testng-results ignored="0" total="1" passed="1" failed="0" skipped="0">
  <reporter-output>
    <line>
      <![CDATA[element is clicking :[[ChromeDriver: chrome on WINDOWS (b7c4a38caa411e342d922881e2a62764)] -> xpath: (//a[@class='main-nav__primary-nav-item'])[4]]]]>
    </line>
    <line>
      <![CDATA[element is clicking :Proxy element for: DefaultElementLocator 'By.xpath: //a[@class='button button--inverse']']]>
    </line>
    <line>
      <![CDATA[Jabbar :value passed to the element : [[ChromeDriver: chrome on WINDOWS (b7c4a38caa411e342d922881e2a62764)] -> xpath: //input[@id='searchForm_Controls_0__Value']]]]>
    </line>
    <line>
      <![CDATA[205455 :value passed to the element : [[ChromeDriver: chrome on WINDOWS (b7c4a38caa411e342d922881e2a62764)] -> xpath: //input[@id='searchForm_Controls_1__Value']]]]>
    </line>
    <line>
      <![CDATA[12/30/1991 :value passed to the element : [[ChromeDriver: chrome on WINDOWS (b7c4a38caa411e342d922881e2a62764)] -> xpath: //input[@id='searchForm_Controls_2__Value']]]]>
    </line>
    <line>
      <![CDATA[element is clicking :[[ChromeDriver: chrome on WINDOWS (b7c4a38caa411e342d922881e2a62764)] -> class name: account-search-next-button-text]]]>
    </line>
  </reporter-output>
  <suite started-at="2022-05-14T01:55:35 EDT" name="Default suite" finished-at="2022-05-14T01:55:55 EDT" duration-ms="19554">
    <groups>
    </groups>
    <test started-at="2022-05-14T01:55:35 EDT" name="Default test" finished-at="2022-05-14T01:55:55 EDT" duration-ms="19554">
      <class name="northwellTest.NorthwellTesting">
        <test-method is-config="true" signature="setUp()[pri:0, instance:northwellTest.NorthwellTesting@543588e6]" started-at="2022-05-14T01:55:35 EDT" name="setUp" finished-at="2022-05-14T01:55:40 EDT" duration-ms="5230" status="PASS">
          <reporter-output>
          </reporter-output>
        </test-method> <!-- setUp -->
        <test-method signature="northwellTesting()[pri:0, instance:northwellTest.NorthwellTesting@543588e6]" started-at="2022-05-14T01:55:40 EDT" name="northwellTesting" finished-at="2022-05-14T01:55:54 EDT" duration-ms="14055" status="PASS">
          <reporter-output>
            <line>
              <![CDATA[element is clicking :[[ChromeDriver: chrome on WINDOWS (b7c4a38caa411e342d922881e2a62764)] -> xpath: (//a[@class='main-nav__primary-nav-item'])[4]]]]>
            </line>
            <line>
              <![CDATA[element is clicking :Proxy element for: DefaultElementLocator 'By.xpath: //a[@class='button button--inverse']']]>
            </line>
            <line>
              <![CDATA[Jabbar :value passed to the element : [[ChromeDriver: chrome on WINDOWS (b7c4a38caa411e342d922881e2a62764)] -> xpath: //input[@id='searchForm_Controls_0__Value']]]]>
            </line>
            <line>
              <![CDATA[205455 :value passed to the element : [[ChromeDriver: chrome on WINDOWS (b7c4a38caa411e342d922881e2a62764)] -> xpath: //input[@id='searchForm_Controls_1__Value']]]]>
            </line>
            <line>
              <![CDATA[12/30/1991 :value passed to the element : [[ChromeDriver: chrome on WINDOWS (b7c4a38caa411e342d922881e2a62764)] -> xpath: //input[@id='searchForm_Controls_2__Value']]]]>
            </line>
            <line>
              <![CDATA[element is clicking :[[ChromeDriver: chrome on WINDOWS (b7c4a38caa411e342d922881e2a62764)] -> class name: account-search-next-button-text]]]>
            </line>
          </reporter-output>
        </test-method> <!-- northwellTesting -->
        <test-method is-config="true" signature="cleaningUp()[pri:0, instance:northwellTest.NorthwellTesting@543588e6]" started-at="2022-05-14T01:55:54 EDT" name="cleaningUp" finished-at="2022-05-14T01:55:55 EDT" duration-ms="242" status="PASS">
          <reporter-output>
          </reporter-output>
        </test-method> <!-- cleaningUp -->
      </class> <!-- northwellTest.NorthwellTesting -->
    </test> <!-- Default test -->
  </suite> <!-- Default suite -->
</testng-results>
